<?xml version="1.0" encoding="UTF-8"?>
<!-- Generated by org.testng.reporters.JUnitReportReporter -->
<testsuite hostname="DESKTOP-26A9125" failures="0" tests="1" name="assignment3.TestNG" time="2.823" errors="0" timestamp="2024-05-24T14:50:14 IST" skipped="0">
  <testcase classname="assignment3.TestNG" name="Login" time="2.823"/>
</testsuite> <!-- assignment3.TestNG -->
