<?xml version="1.0" encoding="UTF-8"?>
<!-- Generated by org.testng.reporters.JUnitReportReporter -->
<testsuite hostname="DESKTOP-26A9125" failures="0" tests="1" name="assignment4.MasterClass" time="10.831" errors="0" timestamp="2024-05-22T16:54:13 IST" skipped="0">
  <testcase classname="assignment4.MasterClass" name="results" time="10.831"/>
</testsuite> <!-- assignment4.MasterClass -->
